2023-11-01T07:37:33.760+07:00  INFO 14524 --- [restartedMain] c.e.c.CloudComputingApplication          : Starting CloudComputingApplication using Java 17.0.2 with PID 14524 (C:\Users\ADMIN\IdeaProjects\CloudComputing\target\classes started by ADMIN in C:\Users\ADMIN\IdeaProjects\CloudComputing)
2023-11-01T07:37:33.763+07:00  INFO 14524 --- [restartedMain] c.e.c.CloudComputingApplication          : No active profile set, falling back to 1 default profile: "default"
2023-11-01T07:37:33.835+07:00  INFO 14524 --- [restartedMain] .e.DevToolsPropertyDefaultsPostProcessor : Devtools property defaults active! Set 'spring.devtools.add-properties' to 'false' to disable
2023-11-01T07:37:33.835+07:00  INFO 14524 --- [restartedMain] .e.DevToolsPropertyDefaultsPostProcessor : For additional web related logging consider setting the 'logging.level.web' property to 'DEBUG'
2023-11-01T07:37:34.873+07:00  INFO 14524 --- [restartedMain] .s.d.r.c.RepositoryConfigurationDelegate : Bootstrapping Spring Data JPA repositories in DEFAULT mode.
2023-11-01T07:37:34.949+07:00  INFO 14524 --- [restartedMain] .s.d.r.c.RepositoryConfigurationDelegate : Finished Spring Data repository scanning in 66 ms. Found 1 JPA repository interfaces.
2023-11-01T07:37:35.728+07:00  INFO 14524 --- [restartedMain] o.s.b.w.embedded.tomcat.TomcatWebServer  : Tomcat initialized with port(s): 8080 (http)
2023-11-01T07:37:35.742+07:00  INFO 14524 --- [restartedMain] o.apache.catalina.core.StandardService   : Starting service [Tomcat]
2023-11-01T07:37:35.742+07:00  INFO 14524 --- [restartedMain] o.apache.catalina.core.StandardEngine    : Starting Servlet engine: [Apache Tomcat/10.1.13]
2023-11-01T07:37:35.826+07:00  INFO 14524 --- [restartedMain] o.a.c.c.C.[Tomcat].[localhost].[/]       : Initializing Spring embedded WebApplicationContext
2023-11-01T07:37:35.827+07:00  INFO 14524 --- [restartedMain] w.s.c.ServletWebServerApplicationContext : Root WebApplicationContext: initialization completed in 1990 ms
2023-11-01T07:37:36.022+07:00  INFO 14524 --- [restartedMain] o.hibernate.jpa.internal.util.LogHelper  : HHH000204: Processing PersistenceUnitInfo [name: default]
2023-11-01T07:37:36.104+07:00  INFO 14524 --- [restartedMain] org.hibernate.Version                    : HHH000412: Hibernate ORM core version 6.2.9.Final
2023-11-01T07:37:36.107+07:00  INFO 14524 --- [restartedMain] org.hibernate.cfg.Environment            : HHH000406: Using bytecode reflection optimizer
2023-11-01T07:37:36.314+07:00  INFO 14524 --- [restartedMain] o.h.b.i.BytecodeProviderInitiator        : HHH000021: Bytecode provider name : bytebuddy
2023-11-01T07:37:36.503+07:00  INFO 14524 --- [restartedMain] o.s.o.j.p.SpringPersistenceUnitInfo      : No LoadTimeWeaver setup: ignoring JPA class transformer
2023-11-01T07:37:36.527+07:00  INFO 14524 --- [restartedMain] com.zaxxer.hikari.HikariDataSource       : HikariPool-1 - Starting...
2023-11-01T07:37:38.095+07:00  INFO 14524 --- [restartedMain] com.zaxxer.hikari.pool.HikariPool        : HikariPool-1 - Added connection com.mysql.cj.jdbc.ConnectionImpl@9dd092b
2023-11-01T07:37:38.101+07:00  INFO 14524 --- [restartedMain] com.zaxxer.hikari.HikariDataSource       : HikariPool-1 - Start completed.
2023-11-01T07:37:38.294+07:00  WARN 14524 --- [restartedMain] org.hibernate.orm.deprecation            : HHH90000026: MySQL8Dialect has been deprecated; use org.hibernate.dialect.MySQLDialect instead
2023-11-01T07:37:38.526+07:00  INFO 14524 --- [restartedMain] o.h.b.i.BytecodeProviderInitiator        : HHH000021: Bytecode provider name : bytebuddy
2023-11-01T07:37:39.255+07:00  INFO 14524 --- [restartedMain] o.h.e.t.j.p.i.JtaPlatformInitiator       : HHH000490: Using JtaPlatform implementation: [org.hibernate.engine.transaction.jta.platform.internal.NoJtaPlatform]
2023-11-01T07:37:41.965+07:00  INFO 14524 --- [restartedMain] j.LocalContainerEntityManagerFactoryBean : Initialized JPA EntityManagerFactory for persistence unit 'default'
2023-11-01T07:37:42.336+07:00  INFO 14524 --- [restartedMain] o.s.d.j.r.query.QueryEnhancerFactory     : Hibernate is in classpath; If applicable, HQL parser will be used.
2023-11-01T07:37:43.266+07:00  INFO 14524 --- [restartedMain] o.s.s.web.DefaultSecurityFilterChain     : Will secure any request with [org.springframework.security.web.session.DisableEncodeUrlFilter@3cf8834a, org.springframework.security.web.context.request.async.WebAsyncManagerIntegrationFilter@64b7d4e6, org.springframework.security.web.context.SecurityContextHolderFilter@409a02ee, org.springframework.security.web.header.HeaderWriterFilter@14d5952f, org.springframework.security.web.csrf.CsrfFilter@3f440368, org.springframework.security.web.authentication.logout.LogoutFilter@4e50c68f, org.springframework.security.web.savedrequest.RequestCacheAwareFilter@bc67532, org.springframework.security.web.servletapi.SecurityContextHolderAwareRequestFilter@58e56e2d, org.springframework.security.web.authentication.AnonymousAuthenticationFilter@f217039, org.springframework.security.web.access.ExceptionTranslationFilter@76a7100e, org.springframework.security.web.access.intercept.AuthorizationFilter@3bac7764]
2023-11-01T07:37:43.409+07:00  WARN 14524 --- [restartedMain] ion$DefaultTemplateResolverConfiguration : Cannot find template location: classpath:/templates/ (please add some templates, check your Thymeleaf configuration, or set spring.thymeleaf.check-template-location=false)
2023-11-01T07:37:43.527+07:00  INFO 14524 --- [restartedMain] o.s.b.d.a.OptionalLiveReloadServer       : LiveReload server is running on port 35729
2023-11-01T07:37:43.566+07:00  INFO 14524 --- [restartedMain] o.s.b.w.embedded.tomcat.TomcatWebServer  : Tomcat started on port(s): 8080 (http) with context path ''
2023-11-01T07:37:43.577+07:00  INFO 14524 --- [restartedMain] c.e.c.CloudComputingApplication          : Started CloudComputingApplication in 10.435 seconds (process running for 11.444)
2023-11-01T07:43:55.052+07:00  INFO 14524 --- [File Watcher] rtingClassPathChangeChangedEventListener : Restarting due to 8 class path changes (0 additions, 8 deletions, 0 modifications)
2023-11-01T07:43:55.087+07:00  INFO 14524 --- [Thread-5] o.apache.catalina.core.StandardService   : Stopping service [Tomcat]
2023-11-01T07:43:55.097+07:00  INFO 14524 --- [Thread-5] j.LocalContainerEntityManagerFactoryBean : Closing JPA EntityManagerFactory for persistence unit 'default'
2023-11-01T07:43:55.100+07:00  INFO 14524 --- [Thread-5] com.zaxxer.hikari.HikariDataSource       : HikariPool-1 - Shutdown initiated...
2023-11-01T07:43:55.600+07:00  INFO 14524 --- [Thread-5] com.zaxxer.hikari.HikariDataSource       : HikariPool-1 - Shutdown completed.
